<?xml version="1.0" encoding="UTF-8"?>
<testng-results skipped="0" failed="0" ignored="0" total="1" passed="1">
  <reporter-output>
  </reporter-output>
  <suite name="W3SchoolTableData Automation Script " duration-ms="7672" started-at="2019-11-25T02:03:18Z" finished-at="2019-11-25T02:03:26Z">
    <groups>
    </groups>
    <test name="TestTableData" duration-ms="7672" started-at="2019-11-25T02:03:18Z" finished-at="2019-11-25T02:03:26Z">
      <class name="table.data.TestTableData">
        <test-method status="PASS" signature="setUp(java.lang.String)[pri:0, instance:table.data.TestTableData@2ef9b8bc]" name="setUp" is-config="true" duration-ms="7501" started-at="2019-11-25T02:03:18Z" finished-at="2019-11-25T02:03:25Z">
          <params>
            <param index="0">
              <value>
                <![CDATA[https://www.w3schools.com/sql/sql_select.asp]]>
              </value>
            </param>
          </params>
          <reporter-output>
          </reporter-output>
        </test-method> <!-- setUp -->
        <test-method status="PASS" signature="scrapeTable()[pri:0, instance:table.data.TestTableData@2ef9b8bc]" name="scrapeTable" duration-ms="142" started-at="2019-11-25T02:03:25Z" finished-at="2019-11-25T02:03:26Z">
          <reporter-output>
          </reporter-output>
        </test-method> <!-- scrapeTable -->
      </class> <!-- table.data.TestTableData -->
    </test> <!-- TestTableData -->
  </suite> <!-- W3SchoolTableData Automation Script  -->
</testng-results>
