<?xml version="1.0" encoding="UTF-8"?>
<testng-results skipped="0" failed="0" ignored="0" total="1" passed="1">
  <reporter-output>
  </reporter-output>
  <suite name="CNN Automation Script " duration-ms="20086" started-at="2019-11-25T02:02:57Z" finished-at="2019-11-25T02:03:17Z">
    <groups>
    </groups>
    <test name="TestNews" duration-ms="20086" started-at="2019-11-25T02:02:57Z" finished-at="2019-11-25T02:03:17Z">
      <class name="home.TestNews">
        <test-method status="PASS" signature="setUp(java.lang.String)[pri:0, instance:home.TestNews@2ef9b8bc]" name="setUp" is-config="true" duration-ms="6106" started-at="2019-11-25T02:02:57Z" finished-at="2019-11-25T02:03:03Z">
          <params>
            <param index="0">
              <value>
                <![CDATA[https://www.cnn.com]]>
              </value>
            </param>
          </params>
          <reporter-output>
          </reporter-output>
        </test-method> <!-- setUp -->
        <test-method status="PASS" signature="test1()[pri:0, instance:home.TestNews@2ef9b8bc]" name="test1" duration-ms="13957" started-at="2019-11-25T02:03:03Z" finished-at="2019-11-25T02:03:17Z">
          <reporter-output>
          </reporter-output>
        </test-method> <!-- test1 -->
      </class> <!-- home.TestNews -->
    </test> <!-- TestNews -->
  </suite> <!-- CNN Automation Script  -->
</testng-results>
